     1                                  
     2                                  
     3                                  GLOBAL img_gdtr_32
     4                                  GLOBAL img_idtr
     5                                  
     6                                  GLOBAL cs_sel_32_nucleo
     7                                  GLOBAL ds_sel_32_nucleo
     8                                  GLOBAL cs_sel_32_usuario
     9                                  GLOBAL ds_sel_32_usuario
    10                                  GLOBAL tss_32
    11                                  
    12                                  EXTERN isr0_handler_DE
    13                                  EXTERN isr2_handler_NMI
    14                                  EXTERN isr3_handler_BP
    15                                  EXTERN isr4_handler_OF
    16                                  EXTERN isr5_handler_BR
    17                                  EXTERN isr6_handler_UD
    18                                  EXTERN isr7_handler_NM
    19                                  EXTERN isr8_handler_DF
    20                                  EXTERN isr9_handler
    21                                  EXTERN isr10_handler_TS
    22                                  EXTERN isr11_handler_NP
    23                                  EXTERN isr12_handler_SS
    24                                  EXTERN isr13_handler_GP
    25                                  EXTERN isr14_handler_PF
    26                                  EXTERN isr15_handler
    27                                  EXTERN isr16_handler_MF
    28                                  EXTERN isr17_handler_AC
    29                                  EXTERN isr18_handler_MC
    30                                  EXTERN isr19_handler_XF
    31                                  EXTERN isr20_31_handler
    32                                  EXTERN isr32_handler_PIT
    33                                  EXTERN isr33_handler_KEYBOARD
    34                                  EXTERN isr80_handler_SYS_CALL
    35                                  
    36                                  section .sys_tables
    37                                  
    38                                  USE32
    39                                  
    40                                  gdt_32:
    41 00000000 0000000000000000                  db 0,0,0,0,0,0,0,0                       ; Descriptor nulo
    42                                  ds_sel_32_nucleo equ $-gdt_32
    43 00000008 FFFF00000092CF00                  db 0xFF, 0xFF, 0, 0, 0, 0x92, 0xCF, 0    
    44                                  cs_sel_32_nucleo  equ $-gdt_32
    45 00000010 FFFF0000009ACF00                  db 0xFF, 0xFF, 0, 0, 0, 0x9A, 0xCF, 0
    46                                  
    47                                  ds_sel_32_usuario equ $-gdt_32 + 0x3
    48 00000018 FFFF000000F2CF00                  db 0xFF, 0xFF, 0, 0, 0, 0xF2, 0xCF, 0
    49                                  cs_sel_32_usuario equ $-gdt_32 + 0x3
    50 00000020 FFFF000000FACF00                  db 0xFF, 0xFF, 0, 0, 0, 0xFA, 0xCF, 0
    51                                  
    52                                  tss_32    equ $-gdt_32
    53 00000028 680000006289C000                  db 0x68, 0x00, 0, 0, 0x62, 0x89, 0xC0, 0  ; TSS lineal 0x00620000
    54                                                                                    ; 0x89 = Presente, descriptor de sistema y 32bit TSS available
    55                                                                                    ; 0x68 = Tss Intel template
    56                                                                                    ; 0xC0 = 
    57                                  long_gdt_32 equ $-gdt_32
    58                                  
    59                                  
    60                                  img_gdtr_32:
    61 00000030 2F00                        dw long_gdt_32-1
    62 00000032 [00000000]                  dd gdt_32
    63                                  
    64                                  
    65                                  
    66                                  idt:
    67                                  
    68                                  ISR0 equ $-idt
    69 00000036 [0000]                     dw isr0_handler_DE
    70 00000038 1000                       dw cs_sel_32_nucleo
    71 0000003A 00                         db 0x0
    72 0000003B 8E                         db 0x8E
    73 0000003C 0000                       dw 0x0
    74                                     
    75                                  ISR1 equ $-idt
    76 0000003E 0000000000000000           dq 0x0
    77                                  
    78                                  ISR2 equ $-idt
    79 00000046 [0000]                     dw isr2_handler_NMI
    80 00000048 1000                       dw cs_sel_32_nucleo
    81 0000004A 00                         db 0x0
    82 0000004B 8F                         db 0x8F  
    83 0000004C 0000                       dw 0x0
    84                                  
    85                                  ISR3 equ $-idt
    86 0000004E [0000]                     dw isr3_handler_BP
    87 00000050 1000                       dw cs_sel_32_nucleo
    88 00000052 00                         db 0x0
    89 00000053 8F                         db 0x8F
    90 00000054 0000                       dw 0x0
    91                                  
    92                                  ISR4 equ $-idt
    93 00000056 [0000]                     dw isr4_handler_OF
    94 00000058 1000                       dw cs_sel_32_nucleo
    95 0000005A 00                         db 0x0
    96 0000005B 8F                         db 0x8F
    97 0000005C 0000                       dw 0x0
    98                                  
    99                                  ISR5 equ $-idt
   100 0000005E [0000]                     dw isr5_handler_BR
   101 00000060 1000                       dw cs_sel_32_nucleo
   102 00000062 00                         db 0x0
   103 00000063 8F                         db 0x8F
   104 00000064 0000                       dw 0x0
   105                                  
   106                                  ISR6 equ $-idt
   107 00000066 [0000]                     dw isr6_handler_UD
   108 00000068 1000                       dw cs_sel_32_nucleo
   109 0000006A 00                         db 0x0
   110 0000006B 8F                         db 0x8F
   111 0000006C 0000                       dw 0x0
   112                                  
   113                                  ISR7 equ $-idt
   114 0000006E [0000]                     dw isr7_handler_NM
   115 00000070 1000                       dw cs_sel_32_nucleo
   116 00000072 00                         db 0x0
   117 00000073 8F                         db 0x8F
   118 00000074 0000                       dw 0x0
   119                                  
   120                                  ISR8 equ $-idt
   121 00000076 [0000]                     dw isr8_handler_DF
   122 00000078 1000                       dw cs_sel_32_nucleo
   123 0000007A 00                         db 0x0
   124 0000007B 8F                         db 0x8F
   125 0000007C 0000                       dw 0x0
   126                                  
   127                                  ISR9 equ $-idt
   128 0000007E [0000]                     dw isr9_handler
   129 00000080 1000                       dw cs_sel_32_nucleo
   130 00000082 00                         db 0x0
   131 00000083 8F                         db 0x8F
   132 00000084 0000                       dw 0x0
   133                                  
   134                                  ISR10 equ $-idt
   135 00000086 [0000]                     dw isr10_handler_TS
   136 00000088 1000                       dw cs_sel_32_nucleo
   137 0000008A 00                         db 0x0
   138 0000008B 8F                         db 0x8F
   139 0000008C 0000                       dw 0x0
   140                                  
   141                                  ISR11 equ $-idt
   142 0000008E [0000]                     dw isr11_handler_NP
   143 00000090 1000                       dw cs_sel_32_nucleo
   144 00000092 00                         db 0x0
   145 00000093 8F                         db 0x8F
   146 00000094 0000                       dw 0x0
   147                                  
   148                                  ISR12 equ $-idt
   149 00000096 [0000]                     dw isr12_handler_SS
   150 00000098 1000                       dw cs_sel_32_nucleo
   151 0000009A 00                         db 0x0
   152 0000009B 8F                         db 0x8F
   153 0000009C 0000                       dw 0x0
   154                                  
   155                                  ISR13 equ $-idt
   156 0000009E [0000]                     dw isr13_handler_GP
   157 000000A0 1000                       dw cs_sel_32_nucleo
   158 000000A2 00                         db 0x0
   159 000000A3 8F                         db 0x8F
   160 000000A4 0000                       dw 0x0
   161                                  
   162                                  ISR14 equ $-idt
   163 000000A6 [0000]                     dw isr14_handler_PF
   164 000000A8 1000                       dw cs_sel_32_nucleo
   165 000000AA 00                         db 0x0
   166 000000AB 8F                         db 0x8F
   167 000000AC 0000                       dw 0x0
   168                                  
   169                                  ISR15 equ $-idt
   170 000000AE 0000000000000000           dq 0x0
   171                                  
   172                                  ISR16 equ $-idt
   173 000000B6 [0000]                     dw isr16_handler_MF
   174 000000B8 1000                       dw cs_sel_32_nucleo
   175 000000BA 00                         db 0x0
   176 000000BB 8F                         db 0x8F
   177 000000BC 0000                       dw 0x0
   178                                  
   179                                  ISR17 equ $-idt
   180 000000BE [0000]                     dw isr17_handler_AC
   181 000000C0 1000                       dw cs_sel_32_nucleo
   182 000000C2 00                         db 0x0
   183 000000C3 8F                         db 0x8F
   184 000000C4 0000                       dw 0x0
   185                                  
   186                                  ISR18 equ $-idt
   187 000000C6 [0000]                     dw isr18_handler_MC
   188 000000C8 1000                       dw cs_sel_32_nucleo
   189 000000CA 00                         db 0x0
   190 000000CB 8F                         db 0x8F
   191 000000CC 0000                       dw 0x0
   192                                  
   193                                  ISR19 equ $-idt
   194 000000CE [0000]                     dw isr19_handler_XF
   195 000000D0 1000                       dw cs_sel_32_nucleo
   196 000000D2 00                         db 0x0
   197 000000D3 8F                         db 0x8F
   198 000000D4 0000                       dw 0x0
   199                                  
   200                                  ISR20_31 equ $-idt
   201 000000D6 0000000000000000-         times 12 dq 0x0
   201 000000D6 <rept>             
   202                                  
   203                                  ISR32 equ $-idt
   204 00000136 [0000]                     dw isr32_handler_PIT
   205 00000138 1000                       dw cs_sel_32_nucleo
   206 0000013A 00                         db 0x0
   207 0000013B 8E                         db 0x8E
   208 0000013C 0000                       dw 0x0
   209                                  
   210                                  ISR33 equ $-idt
   211 0000013E [0000]                     dw isr33_handler_KEYBOARD
   212 00000140 1000                       dw cs_sel_32_nucleo
   213 00000142 00                         db 0x0
   214 00000143 8E                         db 0x8E
   215 00000144 0000                       dw 0x0
   216                                  
   217                                  ISR34_ISR79 equ $-idt
   218 00000146 0000000000000000-         times 94 dq 0x0
   218 00000146 <rept>             
   219                                  
   220                                  ISR80 equ $-idt
   221 00000436 [0000]                     dw isr80_handler_SYS_CALL
   222 00000438 1000                       dw cs_sel_32_nucleo
   223 0000043A 00                         db 0x0
   224 0000043B EE                         db 0xEE
   225 0000043C 0000                       dw 0x0
   226                                  
   227                                  
   228                                  
   229                                  long_idt equ $-idt
   230                                  
   231                                  
   232                                  img_idtr:
   233 0000043E 0704                          dw long_idt -1
   234 00000440 [36000000]                    dd idt
   235                                  
