     1                                  GLOBAL TAREA_0
     2                                  GLOBAL TSS_TAREA_0
     3                                  GLOBAL _TSS_0_eax
     4                                  GLOBAL _TSS_0_ebx
     5                                  GLOBAL _TSS_0_ecx
     6                                  GLOBAL _TSS_0_edx
     7                                  GLOBAL _TSS_0_edi
     8                                  GLOBAL _TSS_0_esi
     9                                  GLOBAL _TSS_0_ebp
    10                                  GLOBAL _TSS_0_esp
    11                                  GLOBAL _TSS_0_eip
    12                                  GLOBAL _TSS_0_eflags
    13                                  GLOBAL _TSS_0_cs
    14                                  GLOBAL _TSS_0_ds
    15                                  GLOBAL _TSS_0_es
    16                                  GLOBAL _TSS_0_ss
    17                                  
    18                                  
    19                                  EXTERN __FIN_PILA_NUCLEO_TAREA_0
    20                                  EXTERN __FIN_PILA_USUARIO_TAREA_0
    21                                  EXTERN cs_sel_32_nucleo
    22                                  EXTERN ds_sel_32_nucleo
    23                                  
    24                                  
    25                                  ;/////////////////////////////////////////////////////////////////////////////////////////////////
    26                                  ;-------------------------------------------------------------------------------------------------
    27                                  section .text_tarea_0
    28                                  USE32
    29                                  
    30                                  TAREA_0:
    31 00000000 F4                         hlt
    32 00000001 B800000000                 mov eax, 0x00
    33 00000006 EBF8                       jmp TAREA_0
    34                                  
    35                                  ;/////////////////////////////////////////////////////////////////////////////////////////////////
    36                                  
    37                                  section .tss_tarea_0
    38                                  USE32
    39                                  
    40                                  TSS_TAREA_0:
    41 00000000 <res 00000004>              _TSS_0_reservado:      resw 2 
    41          ******************       warning: uninitialized space declared in non-BSS section `.tss_tarea_0': zeroing
    42 00000004 [00000000]                  _TSS_0_esp_0:          dd __FIN_PILA_NUCLEO_TAREA_0 
    43 00000008 [0000]                      _TSS_0_ss_0:           dw ds_sel_32_nucleo     
    44 0000000A <res 00000002>              _TSS_0_reservado_0:    resw 1 
    44          ******************       warning: uninitialized space declared in non-BSS section `.tss_tarea_0': zeroing
    45 0000000C <res 00000004>              _TSS_0_esp_1:          resw 2 
    45          ******************       warning: uninitialized space declared in non-BSS section `.tss_tarea_0': zeroing
    46 00000010 <res 00000002>              _TSS_0_ss_1:           resw 1 
    46          ******************       warning: uninitialized space declared in non-BSS section `.tss_tarea_0': zeroing
    47 00000012 <res 00000002>              _TSS_0_reservado_1:    resw 1 
    47          ******************       warning: uninitialized space declared in non-BSS section `.tss_tarea_0': zeroing
    48 00000014 <res 00000004>              _TSS_0_esp_2:          resw 2 
    48          ******************       warning: uninitialized space declared in non-BSS section `.tss_tarea_0': zeroing
    49 00000018 <res 00000002>              _TSS_0_ss_2:           resw 1 
    49          ******************       warning: uninitialized space declared in non-BSS section `.tss_tarea_0': zeroing
    50 0000001A <res 00000002>              _TSS_0_reservado_2:    resw 1 
    50          ******************       warning: uninitialized space declared in non-BSS section `.tss_tarea_0': zeroing
    51 0000001C <res 00000004>              _TSS_0_cr3:            resw 2 
    51          ******************       warning: uninitialized space declared in non-BSS section `.tss_tarea_0': zeroing
    52 00000020 [00000000]                  _TSS_0_eip:            dd TAREA_0
    53 00000024 02020000                    _TSS_0_eflags:         dd 0x202
    54 00000028 <res 00000004>              _TSS_0_eax:            resw 2 
    54          ******************       warning: uninitialized space declared in non-BSS section `.tss_tarea_0': zeroing
    55 0000002C <res 00000004>              _TSS_0_ecx:            resw 2 
    55          ******************       warning: uninitialized space declared in non-BSS section `.tss_tarea_0': zeroing
    56 00000030 <res 00000004>              _TSS_0_edx:            resw 2 
    56          ******************       warning: uninitialized space declared in non-BSS section `.tss_tarea_0': zeroing
    57 00000034 <res 00000004>              _TSS_0_ebx:            resw 2 
    57          ******************       warning: uninitialized space declared in non-BSS section `.tss_tarea_0': zeroing
    58 00000038 [00000000]                  _TSS_0_esp:            dd __FIN_PILA_USUARIO_TAREA_0
    59 0000003C <res 00000004>              _TSS_0_ebp:            resw 2 
    59          ******************       warning: uninitialized space declared in non-BSS section `.tss_tarea_0': zeroing
    60 00000040 <res 00000004>              _TSS_0_esi:            resw 2 
    60          ******************       warning: uninitialized space declared in non-BSS section `.tss_tarea_0': zeroing
    61 00000044 <res 00000004>              _TSS_0_edi:            resw 2
    61          ******************       warning: uninitialized space declared in non-BSS section `.tss_tarea_0': zeroing
    62 00000048 [0000]                      _TSS_0_es:             dw ds_sel_32_nucleo
    63 0000004A <res 00000002>              _TSS_0_reservado_es:   resw 1
    63          ******************       warning: uninitialized space declared in non-BSS section `.tss_tarea_0': zeroing
    64 0000004C [0000]                      _TSS_0_cs:             dw cs_sel_32_nucleo     
    65 0000004E <res 00000002>              _TSS_0_reservado_cs:   resw 1
    65          ******************       warning: uninitialized space declared in non-BSS section `.tss_tarea_0': zeroing
    66 00000050 [0000]                      _TSS_0_ss:             dw ds_sel_32_nucleo
    67 00000052 <res 00000002>              _TSS_0_reservado_ss:   resw 1
    67          ******************       warning: uninitialized space declared in non-BSS section `.tss_tarea_0': zeroing
    68 00000054 [0000]                      _TSS_0_ds:             dw ds_sel_32_nucleo
    69 00000056 <res 00000002>              _TSS_0_reservado_ds:   resw 1
    69          ******************       warning: uninitialized space declared in non-BSS section `.tss_tarea_0': zeroing
    70                                  
    71                                  
    72                                  
    73                                  ;-------------------------------------------------------------------------------------------------
    74                                  ;/////////////////////////////////////////////////////////////////////////////////////////////////
    75                                  
    76                                  section .data_tarea_0
    77                                  USE32
    78                                  
    79                                  
    80                                  
    81                                  
    82                                  
    83                                  
    84                                  
    85                                  ;-------------------------------------------------------------------------------------------------
    86                                  ;/////////////////////////////////////////////////////////////////////////////////////////////////
    87                                  
    88                                  section .bss_tarea_0 nobits
    89                                  USE32
    90                                  
    91                                  
    92                                  
    93                                  
    94                                  
    95                                  
    96                                  ;-------------------------------------------------------------------------------------------------
    97                                  ;/////////////////////////////////////////////////////////////////////////////////////////////////
